
Showing logs for build [32mmeta-cb-kubecd-environment-pr-5-1[0m stage [32mmeta-pipeline[0m and container [32mstep-credential-initializer-v67jl[0m
{"level":"warn","ts":1567512635.7711065,"logger":"fallback-logger","caller":"logging/config.go:69","msg":"Fetch GitHub commit ID from kodata failed: \"ref: refs/heads/master\" is not a valid GitHub commit ID"}
{"level":"info","ts":1567512635.7718186,"logger":"fallback-logger","caller":"creds-init/main.go:40","msg":"Credentials initialized."}

Showing logs for build [32mmeta-cb-kubecd-environment-pr-5-1[0m stage [32mmeta-pipeline[0m and container [32mstep-working-dir-initializer-fn67g[0m
{"level":"warn","ts":1567512636.7166321,"logger":"fallback-logger","caller":"logging/config.go:69","msg":"Fetch GitHub commit ID from kodata failed: open /var/run/ko/HEAD: no such file or directory"}
{"level":"info","ts":1567512636.7191536,"logger":"fallback-logger","caller":"bash/main.go:65","msg":"Successfully executed command \"mkdir -p /workspace/source\""}

Showing logs for build [32mmeta-cb-kubecd-environment-pr-5-1[0m stage [32mmeta-pipeline[0m and container [32mstep-place-tools[0m

Showing logs for build [32mmeta-cb-kubecd-environment-pr-5-1[0m stage [32mmeta-pipeline[0m and container [32mstep-git-source-meta-cb-kubecd-environment-pr-5-rlxst[0m
{"level":"warn","ts":1567512640.7879584,"logger":"fallback-logger","caller":"logging/config.go:69","msg":"Fetch GitHub commit ID from kodata failed: \"ref: refs/heads/master\" is not a valid GitHub commit ID"}
{"level":"info","ts":1567512641.3520188,"logger":"fallback-logger","caller":"git/git.go:102","msg":"Successfully cloned https://github.com/cb-kubecd/environment-pr-5285-9-tekton-gkebdd-staging.git @ 0fcdbc93ca348a4ff21f41d56568d35ac364589e in path /workspace/source"}

Showing logs for build [32mmeta-cb-kubecd-environment-pr-5-1[0m stage [32mmeta-pipeline[0m and container [32mstep-git-merge[0m
Using SHAs from PULL_REFS=master:0fcdbc93ca348a4ff21f41d56568d35ac364589e,1:0a7fd7637c0eea808eb51e443a303151fb414b5d
DEBUG: ran git fetch --unshallow origin 0a7fd7637c0eea808eb51e443a303151fb414b5d: 0fcdbc93ca348a4ff21f41d56568d35ac364589e: in 
DEBUG: ran git checkout master in 
DEBUG: ran git reset --hard 0fcdbc93ca348a4ff21f41d56568d35ac364589e in 
DEBUG: ran clean --force -d . in 
DEBUG: ran git merge 0a7fd7637c0eea808eb51e443a303151fb414b5d in 
Merged SHA 0a7fd7637c0eea808eb51e443a303151fb414b5d with commit message 'chore: Promote bdd-spring-1567512347 to version 0.0.1' into base branch master

Showing logs for build [32mmeta-cb-kubecd-environment-pr-5-1[0m stage [32mmeta-pipeline[0m and container [32mstep-merge-pull-refs[0m
DEBUG: ran git fetch origin 0a7fd7637c0eea808eb51e443a303151fb414b5d: 0fcdbc93ca348a4ff21f41d56568d35ac364589e: in 
DEBUG: Unshallowed git repo in 
DEBUG: ran git checkout master in 
DEBUG: ran git reset --hard 0fcdbc93ca348a4ff21f41d56568d35ac364589e in 
DEBUG: ran clean --force -d . in 
DEBUG: ran git merge 0a7fd7637c0eea808eb51e443a303151fb414b5d in 
Merged SHA 0a7fd7637c0eea808eb51e443a303151fb414b5d with commit message 'chore: Promote bdd-spring-1567512347 to version 0.0.1' into base branch master

Showing logs for build [32mmeta-cb-kubecd-environment-pr-5-1[0m stage [32mmeta-pipeline[0m and container [32mstep-create-effective-pipeline[0m
Deleting and cloning the Jenkins X versions repo
Cloning the Jenkins X versions repo https://github.com/jenkins-x/jenkins-x-versions.git with ref refs/heads/master to /builder/home/.**/jenkins-x-versions
selected pack: /builder/home/.**/draft/packs/github.com/jenkins-x-buildpacks/jenkins-x-kubernetes/packs/environment
Effective pipeline written to jenkins-x-promotion-build-effective.yml

Showing logs for build [32mmeta-cb-kubecd-environment-pr-5-1[0m stage [32mmeta-pipeline[0m and container [32mstep-create-tekton-crds[0m
PipelineActivity for cb-kubecd-environment-pr-5285-9-tekton-gkebdd-staging-PR-1-1
Applying changes 
upserted PipelineResource cb-kubecd-environment-pr-5285-9 for the git repository https://github.com/cb-kubecd/environment-pr-5285-9-tekton-gkebdd-staging.git
upserted Task cb-kubecd-environment-pr-5285-9-from-build-pack-1
upserted Pipeline cb-kubecd-environment-pr-5285-9-1
created PipelineRun cb-kubecd-environment-pr-5285-9-1
created PipelineStructure cb-kubecd-environment-pr-5285-9-1

waiting for stage [32mfrom-build-pack[0m : container [32mstep-credential-initializer-zv57n[0m to start...


Showing logs for build [32mmeta-cb-kubecd-environment-pr-5-1[0m stage [32mfrom-build-pack[0m and container [32mstep-credential-initializer-zv57n[0m
{"level":"warn","ts":1567512654.097324,"logger":"fallback-logger","caller":"logging/config.go:69","msg":"Fetch GitHub commit ID from kodata failed: \"ref: refs/heads/master\" is not a valid GitHub commit ID"}
{"level":"info","ts":1567512654.0978112,"logger":"fallback-logger","caller":"creds-init/main.go:40","msg":"Credentials initialized."}

waiting for stage [32mfrom-build-pack[0m : container [32mstep-working-dir-initializer-fkmxz[0m to start...


Showing logs for build [32mmeta-cb-kubecd-environment-pr-5-1[0m stage [32mfrom-build-pack[0m and container [32mstep-working-dir-initializer-fkmxz[0m
{"level":"warn","ts":1567512655.3519943,"logger":"fallback-logger","caller":"logging/config.go:69","msg":"Fetch GitHub commit ID from kodata failed: open /var/run/ko/HEAD: no such file or directory"}
{"level":"info","ts":1567512655.353937,"logger":"fallback-logger","caller":"bash/main.go:65","msg":"Successfully executed command \"mkdir -p /workspace/source /workspace/source/env\""}

waiting for stage [32mfrom-build-pack[0m : container [32mstep-place-tools[0m to start...


Showing logs for build [32mmeta-cb-kubecd-environment-pr-5-1[0m stage [32mfrom-build-pack[0m and container [32mstep-place-tools[0m

waiting for stage [32mfrom-build-pack[0m : container [32mstep-git-source-cb-kubecd-environment-pr-5285-9-bg8tr[0m to start...


Showing logs for build [32mmeta-cb-kubecd-environment-pr-5-1[0m stage [32mfrom-build-pack[0m and container [32mstep-git-source-cb-kubecd-environment-pr-5285-9-bg8tr[0m
{"level":"warn","ts":1567512660.3951333,"logger":"fallback-logger","caller":"logging/config.go:69","msg":"Fetch GitHub commit ID from kodata failed: \"ref: refs/heads/master\" is not a valid GitHub commit ID"}
{"level":"info","ts":1567512660.9679525,"logger":"fallback-logger","caller":"git/git.go:102","msg":"Successfully cloned https://github.com/cb-kubecd/environment-pr-5285-9-tekton-gkebdd-staging.git @ master in path /workspace/source"}

waiting for stage [32mfrom-build-pack[0m : container [32mstep-git-merge[0m to start...


Showing logs for build [32mmeta-cb-kubecd-environment-pr-5-1[0m stage [32mfrom-build-pack[0m and container [32mstep-git-merge[0m
Using SHAs from PULL_REFS=master:0fcdbc93ca348a4ff21f41d56568d35ac364589e,1:0a7fd7637c0eea808eb51e443a303151fb414b5d
DEBUG: ran git fetch origin 0a7fd7637c0eea808eb51e443a303151fb414b5d: 0fcdbc93ca348a4ff21f41d56568d35ac364589e: in 
DEBUG: Unshallowed git repo in 
DEBUG: ran git checkout master in 
DEBUG: ran git reset --hard 0fcdbc93ca348a4ff21f41d56568d35ac364589e in 
DEBUG: ran clean --force -d . in 
DEBUG: ran git merge 0a7fd7637c0eea808eb51e443a303151fb414b5d in 
Merged SHA 0a7fd7637c0eea808eb51e443a303151fb414b5d with commit message 'chore: Promote bdd-spring-1567512347 to version 0.0.1' into base branch master

waiting for stage [32mfrom-build-pack[0m : container [32mstep-build-helm-build[0m to start...


Showing logs for build [32mmeta-cb-kubecd-environment-pr-5-1[0m stage [32mfrom-build-pack[0m and container [32mstep-build-helm-build[0m
WARNING: No $CHART_REPOSITORY defined so using the default value of: http://jenkins-x-chartmuseum:8080
Adding missing Helm repo: storage.googleapis.com https://storage.googleapis.com/chartmuseum.jenkins-x.io
Successfully added Helm repository storage.googleapis.com.
Adding missing Helm repo: jenkins-x-chartmuseum http://jenkins-x-chartmuseum:8080
Successfully added Helm repository jenkins-x-chartmuseum.
WARNING: No $CHART_REPOSITORY defined so using the default value of: http://jenkins-x-chartmuseum:8080
Adding missing Helm repo: chartmuseum.jenkins-x.io http://chartmuseum.jenkins-x.io
Successfully added Helm repository chartmuseum.jenkins-x.io.
