
Showing logs for build [32mmeta-cb-kubecd-environment-pr-5-6tpc8-1[0m stage [32mmeta-pipeline[0m and container [32mstep-credential-initializer-5gvjr[0m
{"level":"warn","ts":1567513258.4164329,"logger":"fallback-logger","caller":"logging/config.go:69","msg":"Fetch GitHub commit ID from kodata failed: \"ref: refs/heads/master\" is not a valid GitHub commit ID"}
{"level":"info","ts":1567513258.4180944,"logger":"fallback-logger","caller":"creds-init/main.go:40","msg":"Credentials initialized."}

Showing logs for build [32mmeta-cb-kubecd-environment-pr-5-6tpc8-1[0m stage [32mmeta-pipeline[0m and container [32mstep-working-dir-initializer-49sh9[0m
{"level":"warn","ts":1567513259.6718574,"logger":"fallback-logger","caller":"logging/config.go:69","msg":"Fetch GitHub commit ID from kodata failed: open /var/run/ko/HEAD: no such file or directory"}
{"level":"info","ts":1567513259.6739573,"logger":"fallback-logger","caller":"bash/main.go:65","msg":"Successfully executed command \"mkdir -p /workspace/source\""}

Showing logs for build [32mmeta-cb-kubecd-environment-pr-5-6tpc8-1[0m stage [32mmeta-pipeline[0m and container [32mstep-place-tools[0m

Showing logs for build [32mmeta-cb-kubecd-environment-pr-5-6tpc8-1[0m stage [32mmeta-pipeline[0m and container [32mstep-git-source-meta-cb-kubecd-environment-pr-5-v976m[0m
{"level":"warn","ts":1567513264.727647,"logger":"fallback-logger","caller":"logging/config.go:69","msg":"Fetch GitHub commit ID from kodata failed: \"ref: refs/heads/master\" is not a valid GitHub commit ID"}
{"level":"info","ts":1567513265.3340845,"logger":"fallback-logger","caller":"git/git.go:102","msg":"Successfully cloned https://github.com/cb-kubecd/environment-pr-5285-9-tekton-gkebdd-staging.git @ 94a63eb2f548632cd270f3de988d7cc693e20465 in path /workspace/source"}

Showing logs for build [32mmeta-cb-kubecd-environment-pr-5-6tpc8-1[0m stage [32mmeta-pipeline[0m and container [32mstep-git-merge[0m
Using SHAs from PULL_REFS=master:94a63eb2f548632cd270f3de988d7cc693e20465,2:d4627417a53314d6f2c1c50d1d627066d8b40c84
DEBUG: ran git fetch --unshallow origin d4627417a53314d6f2c1c50d1d627066d8b40c84: 94a63eb2f548632cd270f3de988d7cc693e20465: in 
DEBUG: ran git checkout master in 
DEBUG: ran git reset --hard 94a63eb2f548632cd270f3de988d7cc693e20465 in 
DEBUG: ran clean --force -d . in 
DEBUG: ran git merge d4627417a53314d6f2c1c50d1d627066d8b40c84 in 
Merged SHA d4627417a53314d6f2c1c50d1d627066d8b40c84 with commit message 'chore: Promote bdd-gh-1567513151 to version 0.0.1' into base branch master

Showing logs for build [32mmeta-cb-kubecd-environment-pr-5-6tpc8-1[0m stage [32mmeta-pipeline[0m and container [32mstep-merge-pull-refs[0m
DEBUG: ran git fetch origin d4627417a53314d6f2c1c50d1d627066d8b40c84: 94a63eb2f548632cd270f3de988d7cc693e20465: in 
DEBUG: Unshallowed git repo in 
DEBUG: ran git checkout master in 
DEBUG: ran git reset --hard 94a63eb2f548632cd270f3de988d7cc693e20465 in 
DEBUG: ran clean --force -d . in 
DEBUG: ran git merge d4627417a53314d6f2c1c50d1d627066d8b40c84 in 
Merged SHA d4627417a53314d6f2c1c50d1d627066d8b40c84 with commit message 'chore: Promote bdd-gh-1567513151 to version 0.0.1' into base branch master

Showing logs for build [32mmeta-cb-kubecd-environment-pr-5-6tpc8-1[0m stage [32mmeta-pipeline[0m and container [32mstep-create-effective-pipeline[0m
Deleting and cloning the Jenkins X versions repo
Cloning the Jenkins X versions repo https://github.com/jenkins-x/jenkins-x-versions.git with ref refs/heads/master to /builder/home/.**/jenkins-x-versions
selected pack: /builder/home/.**/draft/packs/github.com/jenkins-x-buildpacks/jenkins-x-kubernetes/packs/environment
Effective pipeline written to jenkins-x-promotion-build-effective.yml

Showing logs for build [32mmeta-cb-kubecd-environment-pr-5-6tpc8-1[0m stage [32mmeta-pipeline[0m and container [32mstep-create-tekton-crds[0m
PipelineActivity for cb-kubecd-environment-pr-5285-9-tekton-gkebdd-staging-PR-2-1
Applying changes 
upserted PipelineResource cb-kubecd-environment-pr-5285-9 for the git repository https://github.com/cb-kubecd/environment-pr-5285-9-tekton-gkebdd-staging.git
upserted Task cb-kubecd-environment-pr-5285-9-rrhgb-from-build-pack-1
upserted Pipeline cb-kubecd-environment-pr-5285-9-rrhgb-1
created PipelineRun cb-kubecd-environment-pr-5285-9-rrhgb-1
created PipelineStructure cb-kubecd-environment-pr-5285-9-rrhgb-1

Showing logs for build [32mmeta-cb-kubecd-environment-pr-5-6tpc8-1[0m stage [32mfrom-build-pack[0m and container [32mstep-credential-initializer-62frq[0m
{"level":"warn","ts":1567513276.5359838,"logger":"fallback-logger","caller":"logging/config.go:69","msg":"Fetch GitHub commit ID from kodata failed: \"ref: refs/heads/master\" is not a valid GitHub commit ID"}
{"level":"info","ts":1567513276.5366108,"logger":"fallback-logger","caller":"creds-init/main.go:40","msg":"Credentials initialized."}

Showing logs for build [32mmeta-cb-kubecd-environment-pr-5-6tpc8-1[0m stage [32mfrom-build-pack[0m and container [32mstep-working-dir-initializer-crvkd[0m
{"level":"warn","ts":1567513277.2253606,"logger":"fallback-logger","caller":"logging/config.go:69","msg":"Fetch GitHub commit ID from kodata failed: open /var/run/ko/HEAD: no such file or directory"}
{"level":"info","ts":1567513277.2276642,"logger":"fallback-logger","caller":"bash/main.go:65","msg":"Successfully executed command \"mkdir -p /workspace/source /workspace/source/env\""}

Showing logs for build [32mmeta-cb-kubecd-environment-pr-5-6tpc8-1[0m stage [32mfrom-build-pack[0m and container [32mstep-place-tools[0m

waiting for stage [32mfrom-build-pack[0m : container [32mstep-git-source-cb-kubecd-environment-pr-5285-9-4jl2m[0m to start...


Showing logs for build [32mmeta-cb-kubecd-environment-pr-5-6tpc8-1[0m stage [32mfrom-build-pack[0m and container [32mstep-git-source-cb-kubecd-environment-pr-5285-9-4jl2m[0m
{"level":"warn","ts":1567513394.8281646,"logger":"fallback-logger","caller":"logging/config.go:69","msg":"Fetch GitHub commit ID from kodata failed: \"ref: refs/heads/master\" is not a valid GitHub commit ID"}
{"level":"info","ts":1567513396.1480515,"logger":"fallback-logger","caller":"git/git.go:102","msg":"Successfully cloned https://github.com/cb-kubecd/environment-pr-5285-9-tekton-gkebdd-staging.git @ master in path /workspace/source"}

waiting for stage [32mfrom-build-pack[0m : container [32mstep-git-merge[0m to start...


Showing logs for build [32mmeta-cb-kubecd-environment-pr-5-6tpc8-1[0m stage [32mfrom-build-pack[0m and container [32mstep-git-merge[0m
Using SHAs from PULL_REFS=master:94a63eb2f548632cd270f3de988d7cc693e20465,2:d4627417a53314d6f2c1c50d1d627066d8b40c84
DEBUG: ran git fetch origin d4627417a53314d6f2c1c50d1d627066d8b40c84: 94a63eb2f548632cd270f3de988d7cc693e20465: in 
DEBUG: Unshallowed git repo in 
DEBUG: ran git checkout master in 
DEBUG: ran git reset --hard 94a63eb2f548632cd270f3de988d7cc693e20465 in 
DEBUG: ran clean --force -d . in 
DEBUG: ran git merge d4627417a53314d6f2c1c50d1d627066d8b40c84 in 
Merged SHA d4627417a53314d6f2c1c50d1d627066d8b40c84 with commit message 'chore: Promote bdd-gh-1567513151 to version 0.0.1' into base branch master

waiting for stage [32mfrom-build-pack[0m : container [32mstep-build-helm-build[0m to start...


Showing logs for build [32mmeta-cb-kubecd-environment-pr-5-6tpc8-1[0m stage [32mfrom-build-pack[0m and container [32mstep-build-helm-build[0m
WARNING: No $CHART_REPOSITORY defined so using the default value of: http://jenkins-x-chartmuseum:8080
Adding missing Helm repo: storage.googleapis.com https://storage.googleapis.com/chartmuseum.jenkins-x.io
Successfully added Helm repository storage.googleapis.com.
Adding missing Helm repo: jenkins-x-chartmuseum http://jenkins-x-chartmuseum:8080
Successfully added Helm repository jenkins-x-chartmuseum.
WARNING: No $CHART_REPOSITORY defined so using the default value of: http://jenkins-x-chartmuseum:8080
Adding missing Helm repo: chartmuseum.jenkins-x.io http://chartmuseum.jenkins-x.io
Successfully added Helm repository chartmuseum.jenkins-x.io.
